This is pdfTeX, Version 3.141592653-2.6-1.40.24 (MiKTeX 22.3) (preloaded format=pdflatex 2022.4.30)  2 MAY 2022 18:45
entering extended mode
 restricted \write18 enabled.
 %&-line parsing enabled.
**./main.tex
(main.tex
LaTeX2e <2021-11-15> patch level 1
L3 programming layer <2022-04-20>
(C:\Users\Olivier\AppData\Local\Programs\MiKTeX\tex/latex/base\article.cls
Document Class: article 2021/10/04 v1.4n Standard LaTeX document class
(C:\Users\Olivier\AppData\Local\Programs\MiKTeX\tex/latex/base\size10.clo
File: size10.clo 2021/10/04 v1.4n Standard LaTeX file (size option)
)
\c@part=\count185
\c@section=\count186
\c@subsection=\count187
\c@subsubsection=\count188
\c@paragraph=\count189
\c@subparagraph=\count190
\c@figure=\count191
\c@table=\count192
\abovecaptionskip=\skip47
\belowcaptionskip=\skip48
\bibindent=\dimen138
)
(settings/aaai20.sty
Conference Style for AAAI for LaTeX 2e -- version for the AAAI-20 conference
\titlebox=\skip49
) (C:\Users\Olivier\AppData\Local\Programs\MiKTeX\tex/latex/psnfss\times.sty
Package: times 2020/03/25 PSNFSS-v9.3 (SPQR) 
)
(C:\Users\Olivier\AppData\Local\Programs\MiKTeX\tex/latex/psnfss\helvet.sty
Package: helvet 2020/03/25 PSNFSS-v9.3 (WaS) 

(C:\Users\Olivier\AppData\Local\Programs\MiKTeX\tex/latex/graphics\keyval.sty
Package: keyval 2014/10/28 v1.15 key=value parser (DPC)
\KV@toks@=\toks16
)) (C:\Users\Olivier\AppData\Local\Programs\MiKTeX\tex/latex/psnfss\courier.sty
Package: courier 2020/03/25 PSNFSS-v9.3 (WaS) 
)
(C:\Users\Olivier\AppData\Local\Programs\MiKTeX\tex/latex/url\url.sty
\Urlmuskip=\muskip16
Package: url 2013/09/16  ver 3.4  Verb mode for urls, etc.
)
(C:\Users\Olivier\AppData\Local\Programs\MiKTeX\tex/latex/graphics\graphicx.sty
Package: graphicx 2021/09/16 v1.2d Enhanced LaTeX Graphics (DPC,SPQR)

(C:\Users\Olivier\AppData\Local\Programs\MiKTeX\tex/latex/graphics\graphics.sty
Package: graphics 2021/03/04 v1.4d Standard LaTeX Graphics (DPC,SPQR)
(C:\Users\Olivier\AppData\Local\Programs\MiKTeX\tex/latex/graphics\trig.sty
Package: trig 2021/08/11 v1.11 sin cos tan (DPC)
)
(C:\Users\Olivier\AppData\Local\Programs\MiKTeX\tex/latex/graphics-cfg\graphics
.cfg
File: graphics.cfg 2016/06/04 v1.11 sample graphics configuration
)
Package graphics Info: Driver file: pdftex.def on input line 107.

(C:\Users\Olivier\AppData\Local\Programs\MiKTeX\tex/latex/graphics-def\pdftex.d
ef
File: pdftex.def 2020/10/05 v1.2a Graphics/color driver for pdftex
))
\Gin@req@height=\dimen139
\Gin@req@width=\dimen140
)
(C:\Users\Olivier\AppData\Local\Programs\MiKTeX\tex/latex/tools\tabularx.sty
Package: tabularx 2020/01/15 v2.11c `tabularx' package (DPC)

(C:\Users\Olivier\AppData\Local\Programs\MiKTeX\tex/latex/tools\array.sty
Package: array 2021/10/04 v2.5f Tabular extension package (FMi)
\col@sep=\dimen141
\ar@mcellbox=\box50
\extrarowheight=\dimen142
\NC@list=\toks17
\extratabsurround=\skip50
\backup@length=\skip51
\ar@cellbox=\box51
)
\TX@col@width=\dimen143
\TX@old@table=\dimen144
\TX@old@col=\dimen145
\TX@target=\dimen146
\TX@delta=\dimen147
\TX@cols=\count193
\TX@ftn=\toks18
)
(C:\Users\Olivier\AppData\Local\Programs\MiKTeX\tex/latex/subfig\subfig.sty
Package: subfig 2005/06/28 ver: 1.3 subfig package

(C:\Users\Olivier\AppData\Local\Programs\MiKTeX\tex/latex/caption\caption.sty
Package: caption 2022/03/01 v3.6b Customizing captions (AR)

(C:\Users\Olivier\AppData\Local\Programs\MiKTeX\tex/latex/caption\caption3.sty
Package: caption3 2022/03/17 v2.3b caption3 kernel (AR)
\caption@tempdima=\dimen148
\captionmargin=\dimen149
\caption@leftmargin=\dimen150
\caption@rightmargin=\dimen151
\caption@width=\dimen152
\caption@indent=\dimen153
\caption@parindent=\dimen154
\caption@hangindent=\dimen155
Package caption Info: Standard document class detected.
)
\c@caption@flags=\count194
\c@continuedfloat=\count195
)
\c@KVtest=\count196
\sf@farskip=\skip52
\sf@captopadj=\dimen156
\sf@capskip=\skip53
\sf@nearskip=\skip54
\c@subfigure=\count197
\c@subfigure@save=\count198
\c@lofdepth=\count199
\c@subtable=\count266
\c@subtable@save=\count267
\c@lotdepth=\count268
\sf@top=\skip55
\sf@bottom=\skip56
)
(C:\Users\Olivier\AppData\Local\Programs\MiKTeX\tex/latex/multirow\multirow.sty
Package: multirow 2021/03/15 v2.8 Span multiple rows of a table
\multirow@colwidth=\skip57
\multirow@cntb=\count269
\multirow@dima=\skip58
\bigstrutjot=\dimen157
) (C:\Users\Olivier\AppData\Local\Programs\MiKTeX\tex/generic/dvips\rotate.sty
\@rotdimen=\dimen158
\@rotbox=\box52
)
(C:\Users\Olivier\AppData\Local\Programs\MiKTeX\tex/latex/algorithms\algorithmi
c.sty
Package: algorithmic 2009/08/24 v0.1 Document Style `algorithmic'
 (C:\Users\Olivier\AppData\Local\Programs\MiKTeX\tex/latex/base\ifthen.sty
Package: ifthen 2020/11/24 v1.1c Standard LaTeX ifthen package (DPC)
)
\c@ALC@unique=\count270
\c@ALC@line=\count271
\c@ALC@rem=\count272
\c@ALC@depth=\count273
\ALC@tlm=\skip59
\algorithmicindent=\skip60
)
(C:\Users\Olivier\AppData\Local\Programs\MiKTeX\tex/latex/algorithm2e\algorithm
2e.sty
Package: algorithm2e 2017/07/18 v5.2 algorithms environments
\c@AlgoLine=\count274
\algocf@hangindent=\skip61

(C:\Users\Olivier\AppData\Local\Programs\MiKTeX\tex/latex/ifoddpage\ifoddpage.s
ty
Package: ifoddpage 2016/04/23 v1.1 Conditionals for odd/even page detection
\c@checkoddpage=\count275
) (C:\Users\Olivier\AppData\Local\Programs\MiKTeX\tex/latex/tools\xspace.sty
Package: xspace 2014/10/28 v1.13 Space after command names (DPC,MH)
) (C:\Users\Olivier\AppData\Local\Programs\MiKTeX\tex/latex/relsize\relsize.sty
Package: relsize 2013/03/29 ver 4.1
)
\skiptotal=\skip62
\skiplinenumber=\skip63
\skiprule=\skip64
\skiphlne=\skip65
\skiptext=\skip66
\skiplength=\skip67
\algomargin=\skip68
\skipalgocfslide=\skip69
\algowidth=\dimen159
\inoutsize=\dimen160
\inoutindent=\dimen161
\interspacetitleruled=\dimen162
\interspacealgoruled=\dimen163
\interspacetitleboxruled=\dimen164
\algocf@ruledwidth=\skip70
\algocf@inoutbox=\box53
\algocf@inputbox=\box54
\AlCapSkip=\skip71
\AlCapHSkip=\skip72
\algoskipindent=\skip73
\algocf@nlbox=\box55
\algocf@hangingbox=\box56
\algocf@untilbox=\box57
\algocf@skipuntil=\skip74
\algocf@capbox=\box58
\algocf@lcaptionbox=\skip75
\algoheightruledefault=\skip76
\algoheightrule=\skip77
\algotitleheightruledefault=\skip78
\algotitleheightrule=\skip79
\c@algocfline=\count276
\c@algocfproc=\count277
\c@algocf=\count278
\algocf@algoframe=\box59
\algocf@algobox=\box60
)
LaTeX Font Info:    Trying to load font information for OT1+ptm on input line 5
2.
 (C:\Users\Olivier\AppData\Local\Programs\MiKTeX\tex/latex/psnfss\ot1ptm.fd
File: ot1ptm.fd 2001/06/04 font definitions for OT1/ptm.
)
(C:\Users\Olivier\AppData\Local\Programs\MiKTeX\tex/latex/l3backend\l3backend-p
dftex.def
File: l3backend-pdftex.def 2022-04-20 L3 backend support: PDF output (pdfTeX)
\l__color_backend_stack_int=\count279
\l__pdf_internal_box=\box61
) (main.aux

LaTeX Warning: Label `algo:1' multiply defined.

)
\openout1 = `main.aux'.

LaTeX Font Info:    Checking defaults for OML/cmm/m/it on input line 52.
LaTeX Font Info:    ... okay on input line 52.
LaTeX Font Info:    Checking defaults for OMS/cmsy/m/n on input line 52.
LaTeX Font Info:    ... okay on input line 52.
LaTeX Font Info:    Checking defaults for OT1/cmr/m/n on input line 52.
LaTeX Font Info:    ... okay on input line 52.
LaTeX Font Info:    Checking defaults for T1/cmr/m/n on input line 52.
LaTeX Font Info:    ... okay on input line 52.
LaTeX Font Info:    Checking defaults for TS1/cmr/m/n on input line 52.
LaTeX Font Info:    ... okay on input line 52.
LaTeX Font Info:    Checking defaults for OMX/cmex/m/n on input line 52.
LaTeX Font Info:    ... okay on input line 52.
LaTeX Font Info:    Checking defaults for U/cmr/m/n on input line 52.
LaTeX Font Info:    ... okay on input line 52.

(C:\Users\Olivier\AppData\Local\Programs\MiKTeX\tex/context/base/mkii\supp-pdf.
mkii
[Loading MPS to PDF converter (version 2006.09.02).]
\scratchcounter=\count280
\scratchdimen=\dimen165
\scratchbox=\box62
\nofMPsegments=\count281
\nofMParguments=\count282
\everyMPshowfont=\toks19
\MPscratchCnt=\count283
\MPscratchDim=\dimen166
\MPnumerator=\count284
\makeMPintoPDFobject=\count285
\everyMPtoPDFconversion=\toks20
)
(C:\Users\Olivier\AppData\Local\Programs\MiKTeX\tex/latex/epstopdf-pkg\epstopdf
-base.sty
Package: epstopdf-base 2020-01-24 v2.11 Base part for package epstopdf
Package epstopdf-base Info: Redefining graphics rule for `.eps' on input line 4
85.

(C:\Users\Olivier\AppData\Local\Programs\MiKTeX\tex/latex/00miktex\epstopdf-sys
.cfg
File: epstopdf-sys.cfg 2021/03/18 v2.0 Configuration of epstopdf for MiKTeX
))
Package caption Info: Begin \AtBeginDocument code.
Package caption Info: subfig package v1.3 is loaded.
Package caption Info: End \AtBeginDocument code.
LaTeX Font Info:    External font `cmex10' loaded for size
(Font)              <7> on input line 53.
LaTeX Font Info:    External font `cmex10' loaded for size
(Font)              <5> on input line 53.
LaTeX Font Info:    Trying to load font information for OMS+ptm on input line 5
3.

(C:\Users\Olivier\AppData\Local\Programs\MiKTeX\tex/latex/psnfss\omsptm.fd
File: omsptm.fd 
)
LaTeX Font Info:    Font shape `OMS/ptm/m/n' in size <10> not available
(Font)              Font shape `OMS/cmsy/m/n' tried instead on input line 53.
LaTeX Font Info:    Trying to load font information for TS1+ptm on input line 5
3.

(C:\Users\Olivier\AppData\Local\Programs\MiKTeX\tex/latex/psnfss\ts1ptm.fd
File: ts1ptm.fd 2001/06/04 font definitions for TS1/ptm.
)
(sections/abstract.tex) (sections/intro.tex
Underfull \hbox (badness 1168) in paragraph at lines 6--7
\OT1/ptm/m/n/10 ac-cu-racy, their greedy na-ture, in com-bi-na-tion with the
 []

[1{C:/Users/Olivier/AppData/Local/MiKTeX/fonts/map/pdftex/pdftex.map}



]
LaTeX Font Info:    Trying to load font information for OT1+pcr on input line 3
9.

(C:\Users\Olivier\AppData\Local\Programs\MiKTeX\tex/latex/psnfss\ot1pcr.fd
File: ot1pcr.fd 2001/06/04 font definitions for OT1/pcr.
))
(sections/sec1.tex) (sections/sec2.tex

LaTeX Warning: Command \textlnot invalid in math mode on input line 47.


LaTeX Warning: Command \textlnot invalid in math mode on input line 47.

Missing character: There is no ¬ in font cmr10!

LaTeX Warning: Command \textlnot invalid in math mode on input line 47.


LaTeX Warning: Command \textlnot invalid in math mode on input line 47.

Missing character: There is no ¬ in font cmr10!

LaTeX Warning: Command \textlnot invalid in math mode on input line 47.


LaTeX Warning: Command \textlnot invalid in math mode on input line 47.


LaTeX Warning: Command \textlnot invalid in math mode on input line 47.


LaTeX Warning: Command \textlnot invalid in math mode on input line 47.

Missing character: There is no ¬ in font cmr10!
Missing character: There is no ¬ in font cmr10!

LaTeX Warning: Command \textlnot invalid in math mode on input line 47.


LaTeX Warning: Command \textlnot invalid in math mode on input line 47.


LaTeX Warning: Command \textlnot invalid in math mode on input line 47.


LaTeX Warning: Command \textlnot invalid in math mode on input line 47.

Missing character: There is no ¬ in font cmr10!
Missing character: There is no ¬ in font cmr10!

LaTeX Warning: Command \textlnot invalid in math mode on input line 47.


LaTeX Warning: Command \textlnot invalid in math mode on input line 47.


LaTeX Warning: Command \textlnot invalid in math mode on input line 47.


LaTeX Warning: Command \textlnot invalid in math mode on input line 47.

Missing character: There is no ¬ in font cmr10!
Missing character: There is no ¬ in font cmr10!

LaTeX Warning: Command \textlnot invalid in math mode on input line 47.


LaTeX Warning: Command \textlnot invalid in math mode on input line 47.


LaTeX Warning: Command \textlnot invalid in math mode on input line 47.


LaTeX Warning: Command \textlnot invalid in math mode on input line 47.


LaTeX Warning: Command \textlnot invalid in math mode on input line 47.


LaTeX Warning: Command \textlnot invalid in math mode on input line 47.

Missing character: There is no ¬ in font cmr10!
Missing character: There is no ¬ in font cmr10!
Missing character: There is no ¬ in font cmr10!

LaTeX Warning: Command \textlnot invalid in math mode on input line 47.


LaTeX Warning: Command \textlnot invalid in math mode on input line 47.


LaTeX Warning: Command \textlnot invalid in math mode on input line 47.


LaTeX Warning: Command \textlnot invalid in math mode on input line 47.

Missing character: There is no ¬ in font cmr10!
Missing character: There is no ¬ in font cmr10!

LaTeX Warning: Command \textlnot invalid in math mode on input line 47.


LaTeX Warning: Command \textlnot invalid in math mode on input line 47.

Missing character: There is no ¬ in font cmr10!

LaTeX Warning: Command \textlnot invalid in math mode on input line 47.


LaTeX Warning: Command \textlnot invalid in math mode on input line 47.


LaTeX Warning: Command \textlnot invalid in math mode on input line 47.


LaTeX Warning: Command \textlnot invalid in math mode on input line 47.


LaTeX Warning: Command \textlnot invalid in math mode on input line 47.


LaTeX Warning: Command \textlnot invalid in math mode on input line 47.

Missing character: There is no ¬ in font cmr10!
Missing character: There is no ¬ in font cmr10!
Missing character: There is no ¬ in font cmr10!

LaTeX Warning: Command \textlnot invalid in math mode on input line 47.


LaTeX Warning: Command \textlnot invalid in math mode on input line 47.


LaTeX Warning: Command \textlnot invalid in math mode on input line 47.


LaTeX Warning: Command \textlnot invalid in math mode on input line 47.

Missing character: There is no ¬ in font cmr10!
Missing character: There is no ¬ in font cmr10!

LaTeX Warning: Command \textlnot invalid in math mode on input line 47.


LaTeX Warning: Command \textlnot invalid in math mode on input line 47.


LaTeX Warning: Command \textlnot invalid in math mode on input line 47.


LaTeX Warning: Command \textlnot invalid in math mode on input line 47.


LaTeX Warning: Command \textlnot invalid in math mode on input line 47.


LaTeX Warning: Command \textlnot invalid in math mode on input line 47.

Missing character: There is no ¬ in font cmr10!
Missing character: There is no ¬ in font cmr10!
Missing character: There is no ¬ in font cmr10!
<./images/graph.png, id=8, 178.86826pt x 137.313pt>
File: ./images/graph.png Graphic file (type png)
<use ./images/graph.png>
Package pdftex.def Info: ./images/graph.png  used on input line 54.
(pdftex.def)             Requested size: 189.11995pt x 145.1886pt.

LaTeX Warning: Reference `fig:1b' on page 2 undefined on input line 58.

[2]) (sections/sec3.tex
LaTeX Font Info:    External font `cmex10' loaded for size
(Font)              <9> on input line 5.
LaTeX Font Info:    External font `cmex10' loaded for size
(Font)              <6> on input line 5.
<images/lattice_search.pdf, id=16, 570.97913pt x 267.48305pt>
File: images/lattice_search.pdf Graphic file (type pdf)
<use images/lattice_search.pdf>
Package pdftex.def Info: images/lattice_search.pdf  used on input line 38.
(pdftex.def)             Requested size: 495.77003pt x 232.25124pt.

Underfull \hbox (badness 1383) in paragraph at lines 51--52
\OT1/ptm/m/n/10 one node, rep-re-sent-ing a leaf that pre-dicts the ma-jor-
 []


Underfull \hbox (badness 1024) in paragraph at lines 51--52
\OT1/ptm/m/n/10 ity class for the ex-am-ples cov-ered by I. The func-tion
 []

[3 <./images/graph.png>]) (sections/sec4.tex
LaTeX Font Info:    Font shape `OT1/pcr/m/it' in size <9> not available
(Font)              Font shape `OT1/pcr/m/sl' tried instead on input line 47.
 [4 <./images/lattice_search.pdf>]
<./images/pruning.pdf, id=54, 245.8631pt x 239.80898pt>
File: ./images/pruning.pdf Graphic file (type pdf)
<use ./images/pruning.pdf>
Package pdftex.def Info: ./images/pruning.pdf  used on input line 75.
(pdftex.def)             Requested size: 167.57533pt x 163.44849pt.
) (sections/sec5.tex [5 <./images/pruning.pdf>]
Underfull \hbox (badness 10000) in paragraph at lines 9--9
[][]\OT1/ptm/m/n/9 https://bitbucket.org/helene[]verhaeghe/classificationtree/s
rc/
 []


Underfull \hbox (badness 1024) in paragraph at lines 25--25
[]|\OT1/ptm/m/n/10 no par-tial so-lu-tions are stored in the
 []


Overfull \hbox (1.15567pt too wide) in paragraph at lines 42--42
 []|[]| 
 []


Overfull \hbox (1.27579pt too wide) in paragraph at lines 42--42
 []|[]| 
 []


Overfull \hbox (1.32393pt too wide) in paragraph at lines 46--46
 []|\OT1/ptm/b/n/6 450.69| 
 []


Overfull \hbox (1.32393pt too wide) in paragraph at lines 46--46
 []|\OT1/ptm/m/n/6 129.24| 
 []


Overfull \hbox (1.32393pt too wide) in paragraph at lines 46--46
 []|\OT1/ptm/m/n/6 127.45| 
 []


Overfull \hbox (1.32393pt too wide) in paragraph at lines 46--46
 []|\OT1/ptm/m/n/6 121.87| 
 []


Overfull \hbox (1.32393pt too wide) in paragraph at lines 46--47
 []|\OT1/ptm/m/n/6 250.64| 
 []


Overfull \hbox (1.32393pt too wide) in paragraph at lines 48--48
 []|\OT1/ptm/m/n/6 180.84| 
 []


Overfull \hbox (1.32393pt too wide) in paragraph at lines 48--48
 []|\OT1/ptm/m/n/6 204.19| 
 []


Overfull \hbox (1.32393pt too wide) in paragraph at lines 48--48
 []|\OT1/ptm/m/n/6 195.73| 
 []


Overfull \hbox (1.32393pt too wide) in paragraph at lines 50--50
 []|\OT1/ptm/m/n/6 566.71| 
 []


Overfull \hbox (1.32393pt too wide) in paragraph at lines 50--50
 []|\OT1/ptm/m/n/6 586.39| 
 []


Overfull \hbox (1.32393pt too wide) in paragraph at lines 50--50
 []|\OT1/ptm/m/n/6 593.38| 
 []


Overfull \hbox (1.32393pt too wide) in paragraph at lines 52--52
 []|\OT1/ptm/m/n/6 330.71| 
 []


Overfull \hbox (1.32393pt too wide) in paragraph at lines 54--54
 []|\OT1/ptm/m/n/6 553.49| 
 []


Overfull \hbox (1.32393pt too wide) in paragraph at lines 54--54
 []|\OT1/ptm/m/n/6 562.83| 
 []


Overfull \hbox (1.32393pt too wide) in paragraph at lines 56--56
 []|\OT1/ptm/m/n/6 558.73| 
 []


Overfull \hbox (1.32393pt too wide) in paragraph at lines 56--56
 []|\OT1/ptm/m/n/6 599.87| 
 []


Overfull \hbox (1.32393pt too wide) in paragraph at lines 58--58
 []|\OT1/ptm/m/n/6 132.23| 
 []


Overfull \hbox (1.32393pt too wide) in paragraph at lines 58--59
 []|\OT1/ptm/m/n/6 214.76| 
 []


Overfull \hbox (1.32393pt too wide) in paragraph at lines 60--60
 []|\OT1/ptm/m/n/6 109.36| 
 []


Overfull \hbox (1.32393pt too wide) in paragraph at lines 62--62
 []|\OT1/ptm/m/n/6 392.22| 
 []


Overfull \hbox (1.32393pt too wide) in paragraph at lines 62--62
 []|\OT1/ptm/m/n/6 368.95| 
 []


Overfull \hbox (1.32393pt too wide) in paragraph at lines 62--62
 []|\OT1/ptm/m/n/6 427.34| 
 []


Overfull \hbox (1.32393pt too wide) in paragraph at lines 66--66
 []|\OT1/ptm/m/n/6 483.15| 
 []


Overfull \hbox (1.32393pt too wide) in paragraph at lines 66--66
 []|\OT1/ptm/m/n/6 216.11| 
 []


Overfull \hbox (1.32393pt too wide) in paragraph at lines 66--66
 []|\OT1/ptm/m/n/6 206.18| 
 []


Overfull \hbox (1.32393pt too wide) in paragraph at lines 66--66
 []|\OT1/ptm/m/n/6 223.85| 
 []


Overfull \hbox (1.32393pt too wide) in paragraph at lines 66--67
 []|\OT1/ptm/m/n/6 528.72| 
 []


Overfull \hbox (1.32393pt too wide) in paragraph at lines 70--70
 []|\OT1/ptm/m/n/6 112.48| 
 []


Overfull \hbox (1.32393pt too wide) in paragraph at lines 71--71
 []|\OT1/ptm/m/n/6 352.18| 
 []


Overfull \hbox (1.32393pt too wide) in paragraph at lines 71--71
 []|\OT1/ptm/m/n/6 331.39| 
 []


Overfull \hbox (1.32393pt too wide) in paragraph at lines 77--77
 []|\OT1/ptm/m/n/6 128.25| 
 []


Overfull \hbox (1.32393pt too wide) in paragraph at lines 89--89
 []|\OT1/ptm/m/n/6 318.87| 
 []


Overfull \hbox (1.32393pt too wide) in paragraph at lines 89--89
 []|\OT1/ptm/m/n/6 334.15| 
 []


Overfull \hbox (1.32393pt too wide) in paragraph at lines 89--90
 []|\OT1/ptm/m/n/6 470.88| 
 []

<./images/cactus_log.pdf, id=76, 710.655pt x 284.06125pt>
File: ./images/cactus_log.pdf Graphic file (type pdf)
<use ./images/cactus_log.pdf>
Package pdftex.def Info: ./images/cactus_log.pdf  used on input line 99.
(pdftex.def)             Requested size: 455.2979pt x 181.9936pt.

Overfull \hbox (1.27579pt too wide) in paragraph at lines 107--107
 []|[]| 
 []


Overfull \hbox (1.15567pt too wide) in paragraph at lines 107--107
 []|[]| 
 []


Overfull \hbox (1.32393pt too wide) in paragraph at lines 113--113
 []|\OT1/ptm/m/n/6 363.01| 
 []


Overfull \hbox (1.32393pt too wide) in paragraph at lines 115--115
 []|\OT1/ptm/m/n/6 253.87| 
 []


Overfull \hbox (1.32393pt too wide) in paragraph at lines 115--115
 []|\OT1/ptm/m/n/6 223.42| 
 []


Overfull \hbox (1.32393pt too wide) in paragraph at lines 115--116
 []|\OT1/ptm/m/n/6 222.66| 
 []


Overfull \hbox (1.32393pt too wide) in paragraph at lines 117--117
 []|\OT1/ptm/m/n/6 341.57| 
 []


Overfull \hbox (1.32393pt too wide) in paragraph at lines 117--117
 []|\OT1/ptm/m/n/6 365.83| 
 []


Overfull \hbox (1.32393pt too wide) in paragraph at lines 117--118
 []|\OT1/ptm/m/n/6 370.26| 
 []


Overfull \hbox (1.32393pt too wide) in paragraph at lines 123--123
 []|\OT1/ptm/m/n/6 423.52| 
 []


Overfull \hbox (1.32393pt too wide) in paragraph at lines 127--127
 []|\OT1/ptm/m/n/6 392.09| 
 []


Overfull \hbox (1.32393pt too wide) in paragraph at lines 129--129
 []|\OT1/ptm/m/n/6 533.27| 
 []


Overfull \hbox (1.32393pt too wide) in paragraph at lines 129--129
 []|\OT1/ptm/m/n/6 563.83| 
 []


Overfull \hbox (1.32393pt too wide) in paragraph at lines 129--130
 []|\OT1/ptm/m/n/6 534.32| 
 []


Overfull \hbox (1.32393pt too wide) in paragraph at lines 137--137
 []|\OT1/ptm/m/n/6 117.34| 
 []


Overfull \hbox (1.32393pt too wide) in paragraph at lines 141--141
 []|\OT1/ptm/m/n/6 205.14| 
 []


Overfull \hbox (1.32393pt too wide) in paragraph at lines 141--141
 []|\OT1/ptm/m/n/6 193.87| 
 []

) (sections/concl.tex) (main.bbl [6] [7 <./images/cactus_log.pdf>]) [8

]
(main.aux)

LaTeX Warning: There were undefined references.


LaTeX Warning: There were multiply-defined labels.

 ) 
Here is how much of TeX's memory you used:
 4711 strings out of 478532
 84581 string characters out of 2840280
 536389 words of memory out of 3000000
 22847 multiletter control sequences out of 15000+600000
 496865 words of font info for 76 fonts, out of 8000000 for 9000
 1141 hyphenation exceptions out of 8191
 69i,26n,79p,1145b,691s stack positions out of 10000i,1000n,20000p,200000b,80000s
{C:/Users/Olivier/AppData/Local/Programs/MiKTeX/fonts/enc/dvips/base/8r.enc}<
C:/Users/Olivier/AppData/Local/Programs/MiKTeX/fonts/type1/public/amsfonts/cm/c
mex10.pfb><C:/Users/Olivier/AppData/Local/Programs/MiKTeX/fonts/type1/public/am
sfonts/cm/cmmi10.pfb><C:/Users/Olivier/AppData/Local/Programs/MiKTeX/fonts/type
1/public/amsfonts/cm/cmmi6.pfb><C:/Users/Olivier/AppData/Local/Programs/MiKTeX/
fonts/type1/public/amsfonts/cm/cmmi7.pfb><C:/Users/Olivier/AppData/Local/Progra
ms/MiKTeX/fonts/type1/public/amsfonts/cm/cmmi9.pfb><C:/Users/Olivier/AppData/Lo
cal/Programs/MiKTeX/fonts/type1/public/amsfonts/cm/cmr10.pfb><C:/Users/Olivier/
AppData/Local/Programs/MiKTeX/fonts/type1/public/amsfonts/cm/cmr6.pfb><C:/Users
/Olivier/AppData/Local/Programs/MiKTeX/fonts/type1/public/amsfonts/cm/cmr7.pfb>
<C:/Users/Olivier/AppData/Local/Programs/MiKTeX/fonts/type1/public/amsfonts/cm/
cmr9.pfb><C:/Users/Olivier/AppData/Local/Programs/MiKTeX/fonts/type1/public/ams
fonts/cm/cmsy10.pfb><C:/Users/Olivier/AppData/Local/Programs/MiKTeX/fonts/type1
/public/amsfonts/cm/cmsy6.pfb><C:/Users/Olivier/AppData/Local/Programs/MiKTeX/f
onts/type1/public/amsfonts/cm/cmsy7.pfb><C:/Users/Olivier/AppData/Local/Program
s/MiKTeX/fonts/type1/public/amsfonts/cm/cmsy9.pfb><C:/Users/Olivier/AppData/Loc
al/Programs/MiKTeX/fonts/type1/public/amsfonts/cm/cmtt9.pfb><C:/Users/Olivier/A
ppData/Local/Programs/MiKTeX/fonts/type1/urw/courier/ucrr8a.pfb><C:/Users/Olivi
er/AppData/Local/Programs/MiKTeX/fonts/type1/urw/courier/ucrro8a.pfb><C:/Users/
Olivier/AppData/Local/Programs/MiKTeX/fonts/type1/urw/times/utmb8a.pfb><C:/User
s/Olivier/AppData/Local/Programs/MiKTeX/fonts/type1/urw/times/utmr8a.pfb><C:/Us
ers/Olivier/AppData/Local/Programs/MiKTeX/fonts/type1/urw/times/utmri8a.pfb>
Output written on main.pdf (8 pages, 502244 bytes).
PDF statistics:
 174 PDF objects out of 1000 (max. 8388607)
 0 named destinations out of 1000 (max. 500000)
 21 words of extra memory for PDF output out of 10000 (max. 10000000)

